<?xml version="1.0" encoding="UTF-8"?>
<!-- Generated by org.testng.reporters.JUnitReportReporter -->
<testsuite name="com.automation.testcases.AdminLoginTestBIR" tests="1" time="3.605" ignored="0" failures="0" timestamp="01 Jun 2019 05:44:33 GMT" skipped="0" hostname="Dell-PC" errors="0">
  <testcase name="loginApp" time="3.605" classname="com.automation.testcases.AdminLoginTestBIR"/>
</testsuite> <!-- com.automation.testcases.AdminLoginTestBIR -->
