<?xml version="1.0" encoding="UTF-8"?>
<!-- Generated by org.testng.reporters.JUnitReportReporter -->
<testsuite name="com.automation.testcases.LoginTestCRM" tests="2" time="6.150" ignored="0" failures="0" timestamp="17 May 2019 12:14:13 GMT" skipped="0" hostname="Dell-PC" errors="0">
  <testcase name="loginApp" time="5.404" classname="com.automation.testcases.LoginTestCRM"/>
  <testcase name="loginApp1" time="0.746" classname="com.automation.testcases.LoginTestCRM"/>
</testsuite> <!-- com.automation.testcases.LoginTestCRM -->
