<?xml version="1.0" encoding="UTF-8"?>
<!-- Generated by org.testng.reporters.JUnitReportReporter -->
<testsuite name="com.automation.testcases.LoginTestCRM" tests="2" time="8.407" ignored="0" failures="0" timestamp="18 May 2019 06:37:25 GMT" skipped="0" hostname="Dell-PC" errors="0">
  <testcase name="loginApp1" time="0.596" classname="com.automation.testcases.LoginTestCRM"/>
  <testcase name="loginApp" time="7.811" classname="com.automation.testcases.LoginTestCRM"/>
</testsuite> <!-- com.automation.testcases.LoginTestCRM -->
