<?xml version="1.0" encoding="UTF-8"?>
<!-- Generated by org.testng.reporters.JUnitReportReporter -->
<testsuite name="com.automation.testcases.LoginTestCRM" tests="2" time="9.482" ignored="0" failures="0" timestamp="15 May 2019 11:35:05 GMT" skipped="0" hostname="Dell-PC" errors="0">
  <testcase name="loginApp" time="9.116" classname="com.automation.testcases.LoginTestCRM"/>
  <testcase name="loginApp1" time="0.366" classname="com.automation.testcases.LoginTestCRM"/>
</testsuite> <!-- com.automation.testcases.LoginTestCRM -->
