<?xml version="1.0" encoding="UTF-8"?>
<!-- Generated by org.testng.reporters.JUnitReportReporter -->
<testsuite name="com.automation.testcases.TestCasesWithoutFramework" tests="1" time="16.700" ignored="0" failures="0" timestamp="18 May 2019 06:37:25 GMT" skipped="0" hostname="Dell-PC" errors="0">
  <testcase name="test1" time="16.700" classname="com.automation.testcases.TestCasesWithoutFramework"/>
</testsuite> <!-- com.automation.testcases.TestCasesWithoutFramework -->
