<?xml version="1.0" encoding="UTF-8"?>
<!-- Generated by org.testng.reporters.JUnitReportReporter -->
<testsuite name="com.automation.testcases.LoginTestCRM" tests="2" time="19.992" ignored="0" failures="0" timestamp="28 May 2019 05:02:10 GMT" skipped="0" hostname="Dell-PC" errors="0">
  <testcase name="loginApp" time="19.615" classname="com.automation.testcases.LoginTestCRM"/>
  <testcase name="loginApp1" time="0.377" classname="com.automation.testcases.LoginTestCRM"/>
</testsuite> <!-- com.automation.testcases.LoginTestCRM -->
